

<!DOCTYPE html>
<html>
<head>
<meta charset="UTF-8">
<meta name="viewport" content="width=device-width, initial-scale=1, shrink-to-fit=no">
<title></title>
<link rel="apple-touch-icon" href="https://cdn.jsdelivr.net/gh/extent-framework/extent-github-cdn@b00a2d0486596e73dd7326beacf352c639623a0e/commons/img/logo.png">
<link rel="shortcut icon" href="https://cdn.jsdelivr.net/gh/extent-framework/extent-github-cdn@b00a2d0486596e73dd7326beacf352c639623a0e/commons/img/logo.png">
<link href="https://cdn.jsdelivr.net/gh/extent-framework/extent-github-cdn@d6562a79075e061305ccfdb82f01e5e195e2d307/spark/css/spark-style.css" rel="stylesheet" />
<link href="https://stackpath.bootstrapcdn.com/font-awesome/4.7.0/css/font-awesome.min.css" rel="stylesheet">
<script src="https://cdn.jsdelivr.net/gh/extent-framework/extent-github-cdn@7cc78ce/spark/js/jsontree.js"></script>
<style type="text/css"></style></head><body class="spa bdd-report standard">
  <div class="app">
    <div class="layout">
<div class="header navbar">
<div class="vheader">
<div class="nav-logo">
<a href="#">
<div class="logo" style="background-image: url('https://cdn.jsdelivr.net/gh/extent-framework/extent-github-cdn@b00a2d0486596e73dd7326beacf352c639623a0e/commons/img/logo.png')"></div>
</a>
</div>
<ul class="nav-left">
<li class="search-box">
<a class="search-toggle" href="#">
<i class="search-icon fa fa-search"></i>
<i class="search-icon-close fa fa-close"></i>
</a>
</li>
<li class="search-input"><input id="search-tests" class="form-control" type="text" placeholder="Search..."></li>
</ul>
<ul class="nav-right">
<li class="m-r-10">
<a href="#"><span class="badge badge-primary"></span></a>
</li>
<li class="m-r-10">
<a href="#"><span class="badge badge-primary">Jan 10, 2024 09:01:40 AM</span></a>
</li>
</ul>
</div>
</div><div class="side-nav">
<div class="side-nav-inner">
<ul class="side-nav-menu">
<li class="nav-item dropdown" onclick="toggleView('test-view')">
<a id="nav-test" class="dropdown-toggle" href="#">
<span class="ico"><i class="fa fa-list"></i></span>
</a>
</li>
<li class="nav-item dropdown" onclick="toggleView('exception-view')">
<a id="nav-exception" class="dropdown-toggle" href="#">
<span class="ico"><i class="fa fa-bug"></i></span>
</a>
</li>
<li class="nav-item dropdown" onclick="toggleView('dashboard-view')">
<a id="nav-dashboard" class="dropdown-toggle" href="#">
<span class="ico"><i class="fa fa-bar-chart"></i></span>
</a>
</li>
</ul>
</div>
</div>      <div class="vcontainer">
        <div class="main-content">
<div class="test-wrapper row view test-view">
  <div class="test-list">
    <div class="test-list-tools">
<ul class="tools pull-left">
<li><a href="#"><span class="font-size-14">Tests</span></a></li>
</ul>
<ul class="tools text-right">
<li class="dropdown">
<a href="#" class="dropdown-toggle" data-toggle="dropdown"><i class="fa fa-exclamation-circle"></i></a>
<ul id="status-toggle" class="dropdown-menu dropdown-md p-v-0">
<a class="dropdown-item" status="fail" href="#"><span>Fail</span><span class="status danger"></span></a>
<div class="dropdown-divider"></div>
<a status="clear" class="dropdown-item" href="#"><span>Clear</span><span class="pull-right"><i class="fa fa-close"></i></span></a>
</ul>
</li>
</ul>
</div>    <div class="test-list-wrapper scrollable">
      <ul class="test-list-item">
        <li class="test-item"  status="fail" test-id="1"
          author=""
          tag=""
          device="">
          <div class="test-detail">
            <p class="name">Test Orange HRM Application</p>
            <p class="text-sm">
              <span>9:01:41 AM</span> / <span>00:04:21:127</span>
              <span class="badge fail-bg log float-right">Fail</span>
            </p>
          </div>
          <div class="test-contents d-none">
<div class="detail-head">
<div class="p-v-10">
<div class="info">
<h5 class="test-status text-fail">Test Orange HRM Application</h5>
<span class='badge badge-success'>01.10.2024 9:01:41 AM</span>
<span class='badge badge-danger'>01.10.2024 9:06:02 AM</span>
<span class='badge badge-default'>00:04:21:127</span>
&middot; <span class='uri-anchor badge badge-default'>#test-id=1</span>
<span class='badge badge-default pointer float-right ml-1 et'><i class="fa fa-chevron-down"></i></span>
<span class='badge badge-default pointer float-right ct'><i class="fa fa-chevron-up"></i></span>
</div>
<div class="m-t-10 m-l-5"></div>
</div>
</div>
<div class="accordion mt-4">
  <div class="card">
    <div class="card-header" role="tab">
      <div class="card-title">
        <div class="node" id="2"><span class="badge log pass-bg mr-2">Pass</span>Test Browser Functionlity</div>
          <div class="status-avatar float-right mr-4">
            <i class="fa fa-paperclip"></i>
          </div>
      </div>
    </div>
        <div class="collapse">
          <div class="card-body">
              <div class="step pass-bg" title="StepDefination.StepDefination.user_enter_browser_and_open_login_url(java.lang.String)">
                <span>Given user enter "chrome" browser and open login url</span>
      <div>
      </div>
              </div>
              <div class="step pass-bg" title="AFTER_STEP">
                <span>StepDefination.StepDefination.tearDown(io.cucumber.java.Scenario)</span>
      <div>10012024_090148Test Browser Functionlity
          <div class="row mb-3"><div class="col-md-3">
<img data-featherlight='../Screenshot/embedded1.png' src="../Screenshot/embedded1.png">
    
    </div></div>
</div>
      <div>
      </div>
              </div>
          </div>
        </div>
  </div>
  <div class="card">
    <div class="card-header" role="tab">
      <div class="card-title">
        <div class="node" id="5"><span class="badge log pass-bg mr-2">Pass</span>Testing login functionlity</div>
          <div class="status-avatar float-right mr-4">
            <i class="fa fa-paperclip"></i>
          </div>
      </div>
    </div>
        <div class="collapse">
          <div class="card-body">
              <div class="step pass-bg" title="StepDefination.StepDefination.user_enter_valid_credentials_and_click_on_login_button()">
                <span>When user enter valid credentials and click on login button</span>
      <div>
      </div>
              </div>
              <div class="step pass-bg" title="AFTER_STEP">
                <span>StepDefination.StepDefination.tearDown(io.cucumber.java.Scenario)</span>
      <div>10012024_090150Testing login functionlity
          <div class="row mb-3"><div class="col-md-3">
<img data-featherlight='../Screenshot/embedded2.png' src="../Screenshot/embedded2.png">
    
    </div></div>
</div>
      <div>
      </div>
              </div>
              <div class="step pass-bg" title="StepDefination.StepDefination.user_validate_title()">
                <span>Then user validate title</span>
      <div>
      </div>
              </div>
              <div class="step pass-bg" title="AFTER_STEP">
                <span>StepDefination.StepDefination.tearDown(io.cucumber.java.Scenario)</span>
      <div>10012024_090151Testing login functionlity
          <div class="row mb-3"><div class="col-md-3">
<img data-featherlight='../Screenshot/embedded3.png' src="../Screenshot/embedded3.png">
    
    </div></div>
</div>
      <div>
      </div>
              </div>
              <div class="step pass-bg" title="StepDefination.StepDefination.user_validate_url()">
                <span>And user validate url</span>
      <div>
      </div>
              </div>
              <div class="step pass-bg" title="AFTER_STEP">
                <span>StepDefination.StepDefination.tearDown(io.cucumber.java.Scenario)</span>
      <div>10012024_090151Testing login functionlity
          <div class="row mb-3"><div class="col-md-3">
<img data-featherlight='../Screenshot/embedded4.png' src="../Screenshot/embedded4.png">
    
    </div></div>
</div>
      <div>
      </div>
              </div>
          </div>
        </div>
  </div>
  <div class="card">
    <div class="card-header" role="tab">
      <div class="card-title">
        <div class="node" id="12"><span class="badge log fail-bg mr-2">Fail</span>Pim Page Functionlity</div>
          <div class="status-avatar float-right mr-4">
            <i class="fa fa-paperclip"></i>
          </div>
      </div>
    </div>
        <div class="scenario_outline ">
            <div class="card-body l1">
              <div class="card-header">
                <div class="card-title outline-child">
                  <div class="node" id="13"><span class="badge log fail-bg mr-2">Fail</span>Pim Page Functionlity</div>
                    <div class="status-avatar float-right">
                      <i class="fa fa-paperclip"></i>
                    </div>
                </div>
              </div>
              <div class="card-body mt-3 ">
                  <div class="step pass-bg">
                    <span>When user click on pim link</span>
      <div>
      </div>
                  </div>
                  <div class="step pass-bg">
                    <span>StepDefination.StepDefination.tearDown(io.cucumber.java.Scenario)</span>
      <div>10012024_090153Pim Page Functionlity
          <div class="row mb-3"><div class="col-md-3">
<img data-featherlight='../Screenshot/embedded5.png' src="../Screenshot/embedded5.png">
    
    </div></div>
</div>
      <div>
      </div>
                  </div>
                  <div class="step pass-bg">
                    <span>And user validate url by using url</span>
      <div><table class='markup-table table '><tr><td>pim</td></tr></table>
      </div>
      <div>
      </div>
                  </div>
                  <div class="step pass-bg">
                    <span>StepDefination.StepDefination.tearDown(io.cucumber.java.Scenario)</span>
      <div>10012024_090158Pim Page Functionlity
          <div class="row mb-3"><div class="col-md-3">
<img data-featherlight='../Screenshot/embedded6.png' src="../Screenshot/embedded6.png">
    
    </div></div>
</div>
      <div>
      </div>
                  </div>
                  <div class="step pass-bg">
                    <span>And user click on addemployee link and enter "Anita" ,"Walke" and click on save button</span>
      <div>
      </div>
                  </div>
                  <div class="step pass-bg">
                    <span>StepDefination.StepDefination.tearDown(io.cucumber.java.Scenario)</span>
      <div>10012024_090200Pim Page Functionlity
          <div class="row mb-3"><div class="col-md-3">
<img data-featherlight='../Screenshot/embedded7.png' src="../Screenshot/embedded7.png">
    
    </div></div>
</div>
      <div>
      </div>
                  </div>
                  <div class="step pass-bg">
                    <span>And capture the employee id and click on Employee list</span>
      <div>
      </div>
                  </div>
                  <div class="step pass-bg">
                    <span>StepDefination.StepDefination.tearDown(io.cucumber.java.Scenario)</span>
      <div>10012024_090211Pim Page Functionlity
          <div class="row mb-3"><div class="col-md-3">
<img data-featherlight='../Screenshot/embedded8.png' src="../Screenshot/embedded8.png">
    
    </div></div>
</div>
      <div>
      </div>
                  </div>
                  <div class="step pass-bg">
                    <span>And enter employee id in employee id and click on search button</span>
      <div>
      </div>
                  </div>
                  <div class="step pass-bg">
                    <span>StepDefination.StepDefination.tearDown(io.cucumber.java.Scenario)</span>
      <div>10012024_090211Pim Page Functionlity
          <div class="row mb-3"><div class="col-md-3">
<img data-featherlight='../Screenshot/embedded9.png' src="../Screenshot/embedded9.png">
    
    </div></div>
</div>
      <div>
      </div>
                  </div>
                  <div class="step pass-bg">
                    <span>And select the search employee and click on delete</span>
      <div>
      </div>
                  </div>
                  <div class="step pass-bg">
                    <span>StepDefination.StepDefination.tearDown(io.cucumber.java.Scenario)</span>
      <div>10012024_090222Pim Page Functionlity
          <div class="row mb-3"><div class="col-md-3">
<img data-featherlight='../Screenshot/embedded10.png' src="../Screenshot/embedded10.png">
    
    </div></div>
</div>
      <div>
      </div>
                  </div>
                  <div class="step fail-bg">
                    <span>And validate user deleted or not</span>
      <div>
        <textarea disabled class="code-block">org.openqa.selenium.TimeoutException: Expected condition failed: waiting for visibility of Proxy element for: DefaultElementLocator 'By.xpath: //span[text()='No Records Found']' (tried for 40 second(s) with 500 milliseconds interval)
	at org.openqa.selenium.support.ui.WebDriverWait.timeoutException(WebDriverWait.java:84)
	at org.openqa.selenium.support.ui.FluentWait.until(FluentWait.java:229)
	at UtilLayer.Wait.visibilityStatus(Wait.java:18)
	at UtilLayer.Wait.getText(Wait.java:47)
	at PageLayer.PimPage.checkDeleteOrNot(PimPage.java:96)
	at StepDefination.StepDefination.validate_user_deleted_or_not(StepDefination.java:94)
	at ✽.validate user deleted or not(file:///F:/HybridFrameWorkForSelenium/HRM/AllFeatureFiles/orange.feature:19)
Caused by: org.openqa.selenium.NoSuchElementException: no such element: Unable to locate element: {"method":"xpath","selector":"//span[text()='No Records Found']"}
  (Session info: chrome=120.0.6099.199)
For documentation on this error, please visit: https://www.selenium.dev/documentation/webdriver/troubleshooting/errors#no-such-element-exception
Build info: version: '4.16.1', revision: '9b4c83354e'
System info: os.name: 'Windows 10', os.arch: 'amd64', os.version: '10.0', java.version: '17.0.8.1'
Driver info: org.openqa.selenium.chrome.ChromeDriver
Command: [b5df1fbe99a42768770e4a3a8214b1a7, findElement {using=xpath, value=//span[text()='No Records Found']}]
Capabilities {acceptInsecureCerts: false, browserName: chrome, browserVersion: 120.0.6099.199, chrome: {chromedriverVersion: 120.0.6099.109 (3419140ab66..., userDataDir: C:\Users\LENOVO\AppData\Loc...}, fedcm:accounts: true, goog:chromeOptions: {debuggerAddress: localhost:51829}, networkConnectionEnabled: false, pageLoadStrategy: normal, platformName: windows, proxy: Proxy(), se:cdp: ws://localhost:51829/devtoo..., se:cdpVersion: 120.0.6099.199, setWindowRect: true, strictFileInteractability: false, timeouts: {implicit: 0, pageLoad: 300000, script: 30000}, unhandledPromptBehavior: dismiss and notify, webauthn:extension:credBlob: true, webauthn:extension:largeBlob: true, webauthn:extension:minPinLength: true, webauthn:extension:prf: true, webauthn:virtualAuthenticators: true}
Session ID: b5df1fbe99a42768770e4a3a8214b1a7
	at java.base/jdk.internal.reflect.NativeConstructorAccessorImpl.newInstance0(Native Method)
	at java.base/jdk.internal.reflect.NativeConstructorAccessorImpl.newInstance(NativeConstructorAccessorImpl.java:77)
	at java.base/jdk.internal.reflect.DelegatingConstructorAccessorImpl.newInstance(DelegatingConstructorAccessorImpl.java:45)
	at java.base/java.lang.reflect.Constructor.newInstanceWithCaller(Constructor.java:499)
	at java.base/java.lang.reflect.Constructor.newInstance(Constructor.java:480)
	at org.openqa.selenium.remote.codec.w3c.W3CHttpResponseCodec.createException(W3CHttpResponseCodec.java:200)
	at org.openqa.selenium.remote.codec.w3c.W3CHttpResponseCodec.decode(W3CHttpResponseCodec.java:133)
	at org.openqa.selenium.remote.codec.w3c.W3CHttpResponseCodec.decode(W3CHttpResponseCodec.java:52)
	at org.openqa.selenium.remote.HttpCommandExecutor.execute(HttpCommandExecutor.java:191)
	at org.openqa.selenium.remote.service.DriverCommandExecutor.invokeExecute(DriverCommandExecutor.java:200)
	at org.openqa.selenium.remote.service.DriverCommandExecutor.execute(DriverCommandExecutor.java:175)
	at org.openqa.selenium.remote.RemoteWebDriver.execute(RemoteWebDriver.java:523)
	at org.openqa.selenium.remote.ElementLocation$ElementFinder$2.findElement(ElementLocation.java:165)
	at org.openqa.selenium.remote.ElementLocation.findElement(ElementLocation.java:59)
	at org.openqa.selenium.remote.RemoteWebDriver.findElement(RemoteWebDriver.java:360)
	at org.openqa.selenium.remote.RemoteWebDriver.findElement(RemoteWebDriver.java:354)
	at org.openqa.selenium.support.pagefactory.DefaultElementLocator.findElement(DefaultElementLocator.java:68)
	at org.openqa.selenium.support.pagefactory.internal.LocatingElementHandler.invoke(LocatingElementHandler.java:38)
	at jdk.proxy2/jdk.proxy2.$Proxy19.isDisplayed(Unknown Source)
	at org.openqa.selenium.support.ui.ExpectedConditions.elementIfVisible(ExpectedConditions.java:304)
	at org.openqa.selenium.support.ui.ExpectedConditions$10.apply(ExpectedConditions.java:290)
	at org.openqa.selenium.support.ui.ExpectedConditions$10.apply(ExpectedConditions.java:287)
	at org.openqa.selenium.support.ui.FluentWait.until(FluentWait.java:204)
	at UtilLayer.Wait.visibilityStatus(Wait.java:18)
	at UtilLayer.Wait.getText(Wait.java:47)
	at PageLayer.PimPage.checkDeleteOrNot(PimPage.java:96)
	at StepDefination.StepDefination.validate_user_deleted_or_not(StepDefination.java:94)
	at java.base/jdk.internal.reflect.NativeMethodAccessorImpl.invoke0(Native Method)
	at java.base/jdk.internal.reflect.NativeMethodAccessorImpl.invoke(NativeMethodAccessorImpl.java:77)
	at java.base/jdk.internal.reflect.DelegatingMethodAccessorImpl.invoke(DelegatingMethodAccessorImpl.java:43)
	at java.base/java.lang.reflect.Method.invoke(Method.java:568)
	at io.cucumber.java.Invoker.doInvoke(Invoker.java:66)
	at io.cucumber.java.Invoker.invoke(Invoker.java:24)
	at io.cucumber.java.AbstractGlueDefinition.invokeMethod(AbstractGlueDefinition.java:47)
	at io.cucumber.java.JavaStepDefinition.execute(JavaStepDefinition.java:29)
	at io.cucumber.core.runner.CoreStepDefinition.execute(CoreStepDefinition.java:66)
	at io.cucumber.core.runner.PickleStepDefinitionMatch.runStep(PickleStepDefinitionMatch.java:63)
	at io.cucumber.core.runner.ExecutionMode$1.execute(ExecutionMode.java:10)
	at io.cucumber.core.runner.TestStep.executeStep(TestStep.java:92)
	at io.cucumber.core.runner.TestStep.run(TestStep.java:64)
	at io.cucumber.core.runner.PickleStepTestStep.run(PickleStepTestStep.java:51)
	at io.cucumber.core.runner.TestCase.run(TestCase.java:104)
	at io.cucumber.core.runner.Runner.runPickle(Runner.java:73)
	at io.cucumber.junit.PickleRunners$NoStepDescriptions.run(PickleRunners.java:151)
	at io.cucumber.junit.FeatureRunner.runChild(FeatureRunner.java:135)
	at io.cucumber.junit.FeatureRunner.runChild(FeatureRunner.java:27)
	at org.junit.runners.ParentRunner$4.run(ParentRunner.java:331)
	at org.junit.runners.ParentRunner$1.schedule(ParentRunner.java:79)
	at org.junit.runners.ParentRunner.runChildren(ParentRunner.java:329)
	at org.junit.runners.ParentRunner.access$100(ParentRunner.java:66)
	at org.junit.runners.ParentRunner$2.evaluate(ParentRunner.java:293)
	at org.junit.runners.ParentRunner$3.evaluate(ParentRunner.java:306)
	at org.junit.runners.ParentRunner.run(ParentRunner.java:413)
	at io.cucumber.junit.Cucumber.runChild(Cucumber.java:200)
	at io.cucumber.junit.Cucumber.runChild(Cucumber.java:90)
	at org.junit.runners.ParentRunner$4.run(ParentRunner.java:331)
	at org.junit.runners.ParentRunner$1.schedule(ParentRunner.java:79)
	at org.junit.runners.ParentRunner.runChildren(ParentRunner.java:329)
	at org.junit.runners.ParentRunner.access$100(ParentRunner.java:66)
	at org.junit.runners.ParentRunner$2.evaluate(ParentRunner.java:293)
	at io.cucumber.junit.Cucumber$RunCucumber.evaluate(Cucumber.java:235)
	at org.junit.runners.ParentRunner$3.evaluate(ParentRunner.java:306)
	at org.junit.runners.ParentRunner.run(ParentRunner.java:413)
	at org.eclipse.jdt.internal.junit4.runner.JUnit4TestReference.run(JUnit4TestReference.java:93)
	at org.eclipse.jdt.internal.junit.runner.TestExecution.run(TestExecution.java:40)
	at org.eclipse.jdt.internal.junit.runner.RemoteTestRunner.runTests(RemoteTestRunner.java:529)
	at org.eclipse.jdt.internal.junit.runner.RemoteTestRunner.runTests(RemoteTestRunner.java:756)
	at org.eclipse.jdt.internal.junit.runner.RemoteTestRunner.run(RemoteTestRunner.java:452)
	at org.eclipse.jdt.internal.junit.runner.RemoteTestRunner.main(RemoteTestRunner.java:210)
</textarea>
      
      </div>
                  </div>
                  <div class="step pass-bg">
                    <span>StepDefination.StepDefination.tearDown(io.cucumber.java.Scenario)</span>
      <div>10012024_090353Pim Page Functionlity
          <div class="row mb-3"><div class="col-md-3">
<img data-featherlight='../Screenshot/embedded11.png' src="../Screenshot/embedded11.png">
    
    </div></div>
</div>
      <div>
      </div>
                  </div>
              </div>
            </div>
            <div class="card-body l1">
              <div class="card-header">
                <div class="card-title outline-child">
                  <div class="node" id="28"><span class="badge log fail-bg mr-2">Fail</span>Pim Page Functionlity</div>
                    <div class="status-avatar float-right">
                      <i class="fa fa-paperclip"></i>
                    </div>
                </div>
              </div>
              <div class="card-body mt-3 ">
                  <div class="step pass-bg">
                    <span>When user click on pim link</span>
      <div>
      </div>
                  </div>
                  <div class="step pass-bg">
                    <span>StepDefination.StepDefination.tearDown(io.cucumber.java.Scenario)</span>
      <div>10012024_090355Pim Page Functionlity
          <div class="row mb-3"><div class="col-md-3">
<img data-featherlight='../Screenshot/embedded12.png' src="../Screenshot/embedded12.png">
    
    </div></div>
</div>
      <div>
      </div>
                  </div>
                  <div class="step fail-bg">
                    <span>And user validate url by using url</span>
      <div><table class='markup-table table '><tr><td>pim</td></tr></table>
      </div>
      <div>
        <textarea disabled class="code-block">java.lang.AssertionError: expected:<false> but was:<true>
	at org.junit.Assert.fail(Assert.java:89)
	at org.junit.Assert.failNotEquals(Assert.java:835)
	at org.junit.Assert.assertEquals(Assert.java:120)
	at org.junit.Assert.assertEquals(Assert.java:146)
	at StepDefination.StepDefination.user_validate_url_by_using_url(StepDefination.java:63)
	at ✽.user validate url by using url(file:///F:/HybridFrameWorkForSelenium/HRM/AllFeatureFiles/orange.feature:13)
</textarea>
      
      </div>
                  </div>
                  <div class="step pass-bg">
                    <span>StepDefination.StepDefination.tearDown(io.cucumber.java.Scenario)</span>
      <div>10012024_090401Pim Page Functionlity
          <div class="row mb-3"><div class="col-md-3">
<img data-featherlight='../Screenshot/embedded13.png' src="../Screenshot/embedded13.png">
    
    </div></div>
</div>
      <div>
      </div>
                  </div>
                  <div class="step skip-bg">
                    <span>And user click on addemployee link and enter "Ravi" ,"Shinde" and click on save button</span>
      <div>Step skipped
      </div>
                  </div>
                  <div class="step skip-bg">
                    <span>And capture the employee id and click on Employee list</span>
      <div>Step skipped
      </div>
                  </div>
                  <div class="step skip-bg">
                    <span>And enter employee id in employee id and click on search button</span>
      <div>Step skipped
      </div>
                  </div>
                  <div class="step skip-bg">
                    <span>And select the search employee and click on delete</span>
      <div>Step skipped
      </div>
                  </div>
                  <div class="step skip-bg">
                    <span>And validate user deleted or not</span>
      <div>Step skipped
      </div>
                  </div>
              </div>
            </div>
            <div class="card-body l1">
              <div class="card-header">
                <div class="card-title outline-child">
                  <div class="node" id="43"><span class="badge log fail-bg mr-2">Fail</span>Pim Page Functionlity</div>
                    <div class="status-avatar float-right">
                      <i class="fa fa-paperclip"></i>
                    </div>
                </div>
              </div>
              <div class="card-body mt-3 ">
                  <div class="step pass-bg">
                    <span>When user click on pim link</span>
      <div>
      </div>
                  </div>
                  <div class="step pass-bg">
                    <span>StepDefination.StepDefination.tearDown(io.cucumber.java.Scenario)</span>
      <div>10012024_090402Pim Page Functionlity
          <div class="row mb-3"><div class="col-md-3">
<img data-featherlight='../Screenshot/embedded14.png' src="../Screenshot/embedded14.png">
    
    </div></div>
</div>
      <div>
      </div>
                  </div>
                  <div class="step pass-bg">
                    <span>And user validate url by using url</span>
      <div><table class='markup-table table '><tr><td>pim</td></tr></table>
      </div>
      <div>
      </div>
                  </div>
                  <div class="step pass-bg">
                    <span>StepDefination.StepDefination.tearDown(io.cucumber.java.Scenario)</span>
      <div>10012024_090407Pim Page Functionlity
          <div class="row mb-3"><div class="col-md-3">
<img data-featherlight='../Screenshot/embedded15.png' src="../Screenshot/embedded15.png">
    
    </div></div>
</div>
      <div>
      </div>
                  </div>
                  <div class="step pass-bg">
                    <span>And user click on addemployee link and enter "janhavi" ,"Walke" and click on save button</span>
      <div>
      </div>
                  </div>
                  <div class="step pass-bg">
                    <span>StepDefination.StepDefination.tearDown(io.cucumber.java.Scenario)</span>
      <div>10012024_090409Pim Page Functionlity
          <div class="row mb-3"><div class="col-md-3">
<img data-featherlight='../Screenshot/embedded16.png' src="../Screenshot/embedded16.png">
    
    </div></div>
</div>
      <div>
      </div>
                  </div>
                  <div class="step pass-bg">
                    <span>And capture the employee id and click on Employee list</span>
      <div>
      </div>
                  </div>
                  <div class="step pass-bg">
                    <span>StepDefination.StepDefination.tearDown(io.cucumber.java.Scenario)</span>
      <div>10012024_090420Pim Page Functionlity
          <div class="row mb-3"><div class="col-md-3">
<img data-featherlight='../Screenshot/embedded17.png' src="../Screenshot/embedded17.png">
    
    </div></div>
</div>
      <div>
      </div>
                  </div>
                  <div class="step pass-bg">
                    <span>And enter employee id in employee id and click on search button</span>
      <div>
      </div>
                  </div>
                  <div class="step pass-bg">
                    <span>StepDefination.StepDefination.tearDown(io.cucumber.java.Scenario)</span>
      <div>10012024_090421Pim Page Functionlity
          <div class="row mb-3"><div class="col-md-3">
<img data-featherlight='../Screenshot/embedded18.png' src="../Screenshot/embedded18.png">
    
    </div></div>
</div>
      <div>
      </div>
                  </div>
                  <div class="step pass-bg">
                    <span>And select the search employee and click on delete</span>
      <div>
      </div>
                  </div>
                  <div class="step pass-bg">
                    <span>StepDefination.StepDefination.tearDown(io.cucumber.java.Scenario)</span>
      <div>10012024_090431Pim Page Functionlity
          <div class="row mb-3"><div class="col-md-3">
<img data-featherlight='../Screenshot/embedded19.png' src="../Screenshot/embedded19.png">
    
    </div></div>
</div>
      <div>
      </div>
                  </div>
                  <div class="step fail-bg">
                    <span>And validate user deleted or not</span>
      <div>
        <textarea disabled class="code-block">org.openqa.selenium.TimeoutException: Expected condition failed: waiting for visibility of Proxy element for: DefaultElementLocator 'By.xpath: //span[text()='No Records Found']' (tried for 40 second(s) with 500 milliseconds interval)
	at org.openqa.selenium.support.ui.WebDriverWait.timeoutException(WebDriverWait.java:84)
	at org.openqa.selenium.support.ui.FluentWait.until(FluentWait.java:229)
	at UtilLayer.Wait.visibilityStatus(Wait.java:18)
	at UtilLayer.Wait.getText(Wait.java:47)
	at PageLayer.PimPage.checkDeleteOrNot(PimPage.java:96)
	at StepDefination.StepDefination.validate_user_deleted_or_not(StepDefination.java:94)
	at ✽.validate user deleted or not(file:///F:/HybridFrameWorkForSelenium/HRM/AllFeatureFiles/orange.feature:19)
Caused by: org.openqa.selenium.NoSuchElementException: no such element: Unable to locate element: {"method":"xpath","selector":"//span[text()='No Records Found']"}
  (Session info: chrome=120.0.6099.199)
For documentation on this error, please visit: https://www.selenium.dev/documentation/webdriver/troubleshooting/errors#no-such-element-exception
Build info: version: '4.16.1', revision: '9b4c83354e'
System info: os.name: 'Windows 10', os.arch: 'amd64', os.version: '10.0', java.version: '17.0.8.1'
Driver info: org.openqa.selenium.chrome.ChromeDriver
Command: [b5df1fbe99a42768770e4a3a8214b1a7, findElement {using=xpath, value=//span[text()='No Records Found']}]
Capabilities {acceptInsecureCerts: false, browserName: chrome, browserVersion: 120.0.6099.199, chrome: {chromedriverVersion: 120.0.6099.109 (3419140ab66..., userDataDir: C:\Users\LENOVO\AppData\Loc...}, fedcm:accounts: true, goog:chromeOptions: {debuggerAddress: localhost:51829}, networkConnectionEnabled: false, pageLoadStrategy: normal, platformName: windows, proxy: Proxy(), se:cdp: ws://localhost:51829/devtoo..., se:cdpVersion: 120.0.6099.199, setWindowRect: true, strictFileInteractability: false, timeouts: {implicit: 0, pageLoad: 300000, script: 30000}, unhandledPromptBehavior: dismiss and notify, webauthn:extension:credBlob: true, webauthn:extension:largeBlob: true, webauthn:extension:minPinLength: true, webauthn:extension:prf: true, webauthn:virtualAuthenticators: true}
Session ID: b5df1fbe99a42768770e4a3a8214b1a7
	at java.base/jdk.internal.reflect.NativeConstructorAccessorImpl.newInstance0(Native Method)
	at java.base/jdk.internal.reflect.NativeConstructorAccessorImpl.newInstance(NativeConstructorAccessorImpl.java:77)
	at java.base/jdk.internal.reflect.DelegatingConstructorAccessorImpl.newInstance(DelegatingConstructorAccessorImpl.java:45)
	at java.base/java.lang.reflect.Constructor.newInstanceWithCaller(Constructor.java:499)
	at java.base/java.lang.reflect.Constructor.newInstance(Constructor.java:480)
	at org.openqa.selenium.remote.codec.w3c.W3CHttpResponseCodec.createException(W3CHttpResponseCodec.java:200)
	at org.openqa.selenium.remote.codec.w3c.W3CHttpResponseCodec.decode(W3CHttpResponseCodec.java:133)
	at org.openqa.selenium.remote.codec.w3c.W3CHttpResponseCodec.decode(W3CHttpResponseCodec.java:52)
	at org.openqa.selenium.remote.HttpCommandExecutor.execute(HttpCommandExecutor.java:191)
	at org.openqa.selenium.remote.service.DriverCommandExecutor.invokeExecute(DriverCommandExecutor.java:200)
	at org.openqa.selenium.remote.service.DriverCommandExecutor.execute(DriverCommandExecutor.java:175)
	at org.openqa.selenium.remote.RemoteWebDriver.execute(RemoteWebDriver.java:523)
	at org.openqa.selenium.remote.ElementLocation$ElementFinder$2.findElement(ElementLocation.java:165)
	at org.openqa.selenium.remote.ElementLocation.findElement(ElementLocation.java:59)
	at org.openqa.selenium.remote.RemoteWebDriver.findElement(RemoteWebDriver.java:360)
	at org.openqa.selenium.remote.RemoteWebDriver.findElement(RemoteWebDriver.java:354)
	at org.openqa.selenium.support.pagefactory.DefaultElementLocator.findElement(DefaultElementLocator.java:68)
	at org.openqa.selenium.support.pagefactory.internal.LocatingElementHandler.invoke(LocatingElementHandler.java:38)
	at jdk.proxy2/jdk.proxy2.$Proxy19.isDisplayed(Unknown Source)
	at org.openqa.selenium.support.ui.ExpectedConditions.elementIfVisible(ExpectedConditions.java:304)
	at org.openqa.selenium.support.ui.ExpectedConditions$10.apply(ExpectedConditions.java:290)
	at org.openqa.selenium.support.ui.ExpectedConditions$10.apply(ExpectedConditions.java:287)
	at org.openqa.selenium.support.ui.FluentWait.until(FluentWait.java:204)
	at UtilLayer.Wait.visibilityStatus(Wait.java:18)
	at UtilLayer.Wait.getText(Wait.java:47)
	at PageLayer.PimPage.checkDeleteOrNot(PimPage.java:96)
	at StepDefination.StepDefination.validate_user_deleted_or_not(StepDefination.java:94)
	at java.base/jdk.internal.reflect.NativeMethodAccessorImpl.invoke0(Native Method)
	at java.base/jdk.internal.reflect.NativeMethodAccessorImpl.invoke(NativeMethodAccessorImpl.java:77)
	at java.base/jdk.internal.reflect.DelegatingMethodAccessorImpl.invoke(DelegatingMethodAccessorImpl.java:43)
	at java.base/java.lang.reflect.Method.invoke(Method.java:568)
	at io.cucumber.java.Invoker.doInvoke(Invoker.java:66)
	at io.cucumber.java.Invoker.invoke(Invoker.java:24)
	at io.cucumber.java.AbstractGlueDefinition.invokeMethod(AbstractGlueDefinition.java:47)
	at io.cucumber.java.JavaStepDefinition.execute(JavaStepDefinition.java:29)
	at io.cucumber.core.runner.CoreStepDefinition.execute(CoreStepDefinition.java:66)
	at io.cucumber.core.runner.PickleStepDefinitionMatch.runStep(PickleStepDefinitionMatch.java:63)
	at io.cucumber.core.runner.ExecutionMode$1.execute(ExecutionMode.java:10)
	at io.cucumber.core.runner.TestStep.executeStep(TestStep.java:92)
	at io.cucumber.core.runner.TestStep.run(TestStep.java:64)
	at io.cucumber.core.runner.PickleStepTestStep.run(PickleStepTestStep.java:51)
	at io.cucumber.core.runner.TestCase.run(TestCase.java:104)
	at io.cucumber.core.runner.Runner.runPickle(Runner.java:73)
	at io.cucumber.junit.PickleRunners$NoStepDescriptions.run(PickleRunners.java:151)
	at io.cucumber.junit.FeatureRunner.runChild(FeatureRunner.java:135)
	at io.cucumber.junit.FeatureRunner.runChild(FeatureRunner.java:27)
	at org.junit.runners.ParentRunner$4.run(ParentRunner.java:331)
	at org.junit.runners.ParentRunner$1.schedule(ParentRunner.java:79)
	at org.junit.runners.ParentRunner.runChildren(ParentRunner.java:329)
	at org.junit.runners.ParentRunner.access$100(ParentRunner.java:66)
	at org.junit.runners.ParentRunner$2.evaluate(ParentRunner.java:293)
	at org.junit.runners.ParentRunner$3.evaluate(ParentRunner.java:306)
	at org.junit.runners.ParentRunner.run(ParentRunner.java:413)
	at io.cucumber.junit.Cucumber.runChild(Cucumber.java:200)
	at io.cucumber.junit.Cucumber.runChild(Cucumber.java:90)
	at org.junit.runners.ParentRunner$4.run(ParentRunner.java:331)
	at org.junit.runners.ParentRunner$1.schedule(ParentRunner.java:79)
	at org.junit.runners.ParentRunner.runChildren(ParentRunner.java:329)
	at org.junit.runners.ParentRunner.access$100(ParentRunner.java:66)
	at org.junit.runners.ParentRunner$2.evaluate(ParentRunner.java:293)
	at io.cucumber.junit.Cucumber$RunCucumber.evaluate(Cucumber.java:235)
	at org.junit.runners.ParentRunner$3.evaluate(ParentRunner.java:306)
	at org.junit.runners.ParentRunner.run(ParentRunner.java:413)
	at org.eclipse.jdt.internal.junit4.runner.JUnit4TestReference.run(JUnit4TestReference.java:93)
	at org.eclipse.jdt.internal.junit.runner.TestExecution.run(TestExecution.java:40)
	at org.eclipse.jdt.internal.junit.runner.RemoteTestRunner.runTests(RemoteTestRunner.java:529)
	at org.eclipse.jdt.internal.junit.runner.RemoteTestRunner.runTests(RemoteTestRunner.java:756)
	at org.eclipse.jdt.internal.junit.runner.RemoteTestRunner.run(RemoteTestRunner.java:452)
	at org.eclipse.jdt.internal.junit.runner.RemoteTestRunner.main(RemoteTestRunner.java:210)
</textarea>
      
      </div>
                  </div>
                  <div class="step pass-bg">
                    <span>StepDefination.StepDefination.tearDown(io.cucumber.java.Scenario)</span>
      <div>10012024_090602Pim Page Functionlity
          <div class="row mb-3"><div class="col-md-3">
<img data-featherlight='../Screenshot/embedded20.png' src="../Screenshot/embedded20.png">
    
    </div></div>
</div>
      <div>
      </div>
                  </div>
              </div>
            </div>
        </div>
  </div>
</div>
          </div>
        </li>
      </ul>
    </div>
  </div>
<div class="test-content scrollable">
<div class="test-content-tools">
<ul><li><a class="back-to-test" href="#"><i class="fa fa-arrow-left"></i></a></li></ul>
</div>
<div class="test-content-detail"><div class="detail-body"></div></div>
</div></div>
<div class="test-wrapper row view exception-view attributes-view">
<div class="test-list">
<div class="test-list-tools">
<ul class="tools pull-left"><li><a href=""><span class="font-size-14">Exception</span></a></li></ul>
<ul class="tools text-right"><li><a href="#"><span class="badge badge-primary">2</span></a></li></ul>
</div>
<div class="test-list-wrapper scrollable">
<ul class="test-list-item">
<li class="test-item">
<div class="test-detail">
<span class="meta">
<span class='badge log badge-danger'>2</span>
</span>
<p class="name">org.openqa.selenium.TimeoutException</p>
<p class="duration text-sm">2 tests</p>
</div>
<div class="test-contents d-none">
<div class="info">
<h4>org.openqa.selenium.TimeoutException</h4>
<span status="fail" class='badge log badge-danger'>2 failed</span>
</div>
<table class='table table-sm mt-4'>
<thead>
<tr>
<th class="status-col">Status</th>
<th class="timestamp-col">Timestamp</th>
<th>TestName</th>
</tr>
</thead>
<tbody>
<tr class="tag-test-status" status="fail">
<td><span class="badge log fail-bg">Fail</span></td>
<td>09:02:22 AM</td>
<td>
<a href="#" class="linked" test-id='1' id='26'>And validate user deleted or not</a>
<div class="">
<span class="badge badge-default">Test Orange HRM Application.Pim Page Functionlity.And validate user deleted or not</span>
</div>
</td>
</tr>
<tr class="tag-test-status" status="fail">
<td><span class="badge log fail-bg">Fail</span></td>
<td>09:04:31 AM</td>
<td>
<a href="#" class="linked" test-id='1' id='56'>And validate user deleted or not</a>
<div class="">
<span class="badge badge-default">Test Orange HRM Application.Pim Page Functionlity.And validate user deleted or not</span>
</div>
</td>
</tr>
</tbody>
</table>
</div>
</li>
<li class="test-item">
<div class="test-detail">
<span class="meta">
<span class='badge log badge-danger'>1</span>
</span>
<p class="name">java.lang.AssertionError</p>
<p class="duration text-sm">1 tests</p>
</div>
<div class="test-contents d-none">
<div class="info">
<h4>java.lang.AssertionError</h4>
<span status="fail" class='badge log badge-danger'>1 failed</span>
</div>
<table class='table table-sm mt-4'>
<thead>
<tr>
<th class="status-col">Status</th>
<th class="timestamp-col">Timestamp</th>
<th>TestName</th>
</tr>
</thead>
<tbody>
<tr class="tag-test-status" status="fail">
<td><span class="badge log fail-bg">Fail</span></td>
<td>09:03:56 AM</td>
<td>
<a href="#" class="linked" test-id='1' id='31'>And user validate url by using url</a>
<div class="">
<span class="badge badge-default">Test Orange HRM Application.Pim Page Functionlity.And user validate url by using url</span>
</div>
</td>
</tr>
</tbody>
</table>
</div>
</li>
</ul>
</div>
</div>
<div class="test-content scrollable">
<div class="test-content-detail">
<div class="detail-body"></div>
</div>
</div>
</div><div class="container-fluid p-4 view dashboard-view">
<div class="row">
<div class="col-md-3">
<div class="card"><div class="card-body">
<p class="m-b-0">Started</p>
<h3>Jan 10, 2024 09:01:40 AM</h3>
</div></div>
</div>
<div class="col-md-3">
<div class="card"><div class="card-body">
<p class="m-b-0">Ended</p>
<h3>Jan 10, 2024 09:06:02 AM</h3>
</div></div>
</div>
<div class="col-md-3">
<div class="card"><div class="card-body">
<p class="m-b-0 text-pass">Features Passed</p>
<h3>0</h3>
</div></div>
</div>
<div class="col-md-3">
<div class="card"><div class="card-body">
<p class="m-b-0 text-fail">Features Failed</p>
<h3>1</h3>
</div></div>
</div>
</div>
<div class="row">
<div class="col-md-4">
<div class="card">
<div class="card-header">
<h6 class="card-title">Features</h6>
</div>
<div class="card-body">
<div class="">
<canvas id='parent-analysis' width='115' height='90'></canvas>
</div>
</div>
<div class="card-footer">
<div><small data-tooltip='0%'>
<b>0</b> features passed
</small>
</div>
<div>
<small data-tooltip='100%'><b>1</b> features failed,
<b>0</b> skipped, <b data-tooltip='0%'>0</b> others
</small>
</div>
</div>
</div>
</div>
<div class="col-md-4">
<div class="card">
<div class="card-header">
<h6 class="card-title">Scenarios</h6>
</div>
<div class="card-body">
<div class="">
<canvas id='child-analysis' width='115' height='90'></canvas>
</div>
</div>
<div class="card-footer">
<div><small data-tooltip='40%'><b>2</b> scenarios passed</small></div>
<div>
<small data-tooltip='60%'><b>3</b> scenarios failed,
<b>0</b> skipped, <b data-tooltip='%'>0</b> others
</small>
</div>
</div>
</div>
</div>
<div class="col-md-4">
<div class="card">
<div class="card-header">
<h6 class="card-title">Steps</h6>
</div>
<div class="card-body">
<div class="">
<canvas id='grandchild-analysis' width='115' height='90'></canvas>
</div>
</div>
<div class="card-footer">
<div><small data-tooltip='82%'><b>37</b> steps passed</small></div>
<div>
<small data-tooltip='6%'><b>3</b> steps failed,
<b>5</b> skipped, <b data-tooltip='%'>0</b> others
</small>
</div>
</div>
</div>
</div>
</div>
<div class="row"><div class="col-md-12">
<div class="card"><div class="card-header"><p>Timeline</p></div>
<div class="card-body pt-0"><div>
<canvas id="timeline" height="120"></canvas>
</div></div>
</div>
</div></div>
<script>
var timeline = {
"Test Orange HRM Application":261.127
};
</script>
<div class="row">
<div class="col-lg-6 col-md-12 sysenv-container">
<div class="card">
<div class="card-header"><p>System/Environment</p></div>
<div class="card-body pb-0 pt-0"><table class="table table-sm table-bordered">
<thead><tr class="bg-gray"><th>Name</th><th>Value</th></tr></thead>
<tbody>
<tr>
<td>AppName</td>
<td>Orange HRM</td>
</tr>
<tr>
<td>user</td>
<td>Anita Walke</td>
</tr>
<tr>
<td>build</td>
<td>Release 2</td>
</tr>
<tr>
<td>os</td>
<td>Windows 11</td>
</tr>
</tbody>
</table></div>
</div>
</div>
</div>
</div>
<script>
var statusGroup = {
parentCount: 5,
passParent: 0,
failParent: 1,
warningParent: 0,
skipParent: 0,
childCount: 5,
passChild: 2,
failChild: 3,
warningChild: 0,
skipChild: 0,
infoChild: 0,
grandChildCount: 5,
passGrandChild: 37,
failGrandChild: 3,
warningGrandChild: 0,
skipGrandChild: 5,
infoGrandChild: 0,
eventsCount: 5,
};
</script>        </div>
      </div>
    </div>
  </div>
<script src="https://cdn.jsdelivr.net/gh/extent-framework/extent-github-cdn@d6562a79075e061305ccfdb82f01e5e195e2d307/spark/js/spark-script.js"></script>
<script type="text/javascript"></script></body>
</html>